<?xml version="1.0" encoding="UTF-8"?>
<testsuite xmlns:xsi="http://www.w3.org/2001/XMLSchema-instance" xsi:noNamespaceSchemaLocation="https://maven.apache.org/surefire/maven-surefire-plugin/xsd/surefire-test-report.xsd" name="com.FrontEnd.ApplicationMockMvcTests" time="4.756" tests="5" errors="0" skipped="0" failures="1">
  <properties>
[...]
</properties>
  <testcase name="checkPersonInfoWhenNameTooShortThenFailure" classname="com.FrontEnd.ApplicationMockMvcTests" time="1.019"/>
  <testcase name="checkPersonInfoWhenValidRequestThenSuccess" classname="com.FrontEnd.ApplicationMockMvcTests" time="0.015">
    <failure message="Unexpected binding/validation errors: org.springframework.validation.BeanPropertyBindingResult: 2 errors&#10;Field error in object &apos;personForm&apos; on field &apos;password&apos;: rejected value [null]; codes [NotNull.personForm.password,NotNull.password,NotNull.java.lang.String,NotNull]; arguments [org.springframework.context.support.DefaultMessageSourceResolvable: codes [personForm.password,password]; arguments []; default message [password]]; default message [must not be null]&#10;Field error in object &apos;personForm&apos; on field &apos;userName&apos;: rejected value [null]; codes [NotNull.personForm.userName,NotNull.userName,NotNull.java.lang.String,NotNull]; arguments [org.springframework.context.support.DefaultMessageSourceResolvable: codes [personForm.userName,userName]; arguments []; default message [userName]]; default message [must not be null]" type="java.lang.AssertionError">java.lang.AssertionError: 
Unexpected binding/validation errors: org.springframework.validation.BeanPropertyBindingResult: 2 errors
Field error in object 'personForm' on field 'password': rejected value [null]; codes [NotNull.personForm.password,NotNull.password,NotNull.java.lang.String,NotNull]; arguments [org.springframework.context.support.DefaultMessageSourceResolvable: codes [personForm.password,password]; arguments []; default message [password]]; default message [must not be null]
Field error in object 'personForm' on field 'userName': rejected value [null]; codes [NotNull.personForm.userName,NotNull.userName,NotNull.java.lang.String,NotNull]; arguments [org.springframework.context.support.DefaultMessageSourceResolvable: codes [personForm.userName,userName]; arguments []; default message [userName]]; default message [must not be null]
	at com.FrontEnd.ApplicationMockMvcTests.checkPersonInfoWhenValidRequestThenSuccess(ApplicationMockMvcTests.java:84)
</failure>
    <system-out><![CDATA[
MockHttpServletRequest:
      HTTP Method = POST
      Request URI = /
       Parameters = {name=[Rob], age=[20]}
          Headers = []
             Body = null
    Session Attrs = {}

Handler:
             Type = com.FrontEnd.WebController
           Method = com.FrontEnd.WebController#checkPersonInfo(PersonForm, BindingResult)

Async:
    Async started = false
     Async result = null

Resolved Exception:
             Type = null

ModelAndView:
        View name = home
             View = null
        Attribute = personForm
            value = Person(Name: null, Age: null)
           errors = [Field error in object 'personForm' on field 'password': rejected value [null]; codes [NotNull.personForm.password,NotNull.password,NotNull.java.lang.String,NotNull]; arguments [org.springframework.context.support.DefaultMessageSourceResolvable: codes [personForm.password,password]; arguments []; default message [password]]; default message [must not be null], Field error in object 'personForm' on field 'userName': rejected value [null]; codes [NotNull.personForm.userName,NotNull.userName,NotNull.java.lang.String,NotNull]; arguments [org.springframework.context.support.DefaultMessageSourceResolvable: codes [personForm.userName,userName]; arguments []; default message [userName]]; default message [must not be null]]

FlashMap:
       Attributes = null

MockHttpServletResponse:
           Status = 200
    Error message = null
          Headers = [Content-Language:"en", Content-Type:"text/html;charset=UTF-8"]
     Content type = text/html;charset=UTF-8
             Body = <!DOCTYPE html>
<html lang="en">
<head>
    <meta charset="UTF-8">
    <title>Title</title>
    <!-- BootStrap -->
    <link rel="stylesheet" href="https://maxcdn.bootstrapcdn.com/bootstrap/4.0.0/css/bootstrap.min.css"
          integrity="sha384-Gn5384xqQ1aoWXA+058RXPxPg6fy4IWvTNh0E263XmFcJlSAwiGgFAW/dAiS6JXm" crossorigin="anonymous">

    <link rel="stylesheet" href="home.css">

</head>
<body>
Hello
<!-- Trigger/Open The Modal -->
<button id="myBtn">Open Modal</button>


<!-- The Modal -->
<div id="myModal" class="modal">

    <!-- Modal content -->
    <div class="modal-content">
        <span class="close">&times;</span>
        <form action="/" method="post">
            <table>
                <tr>
                    <td>UserName:</td>
                    <td><input type="text" id="userName" name="userName" value="" /></td>
                    <td>must not be null</td>
                </tr>
                <tr>
                    <td>Password:</td>
                    <td><input type="text" id="password" name="password" value="" /></td>
                    <td>must not be null</td>
                </tr>
                <tr>
                    <td><button type="submit">Submit</button></td>
                </tr>
            </table>
        </form>
    </div>

</div>

<script src="modal.js"></script>


<!-- BootStrap stuff -->
<script src="https://code.jquery.com/jquery-3.2.1.slim.min.js"
        integrity="sha384-KJ3o2DKtIkvYIK3UENzmM7KCkRr/rE9/Qpg6aAZGJwFDMVNA/GpGFF93hXpG5KkN"
        crossorigin="anonymous"></script>
<script src="https://cdnjs.cloudflare.com/ajax/libs/popper.js/1.12.9/umd/popper.min.js"
        integrity="sha384-ApNbgh9B+Y1QKtv3Rn7W3mgPxhU9K/ScQsAP7hUibX39j7fakFPskvXusvfa0b4Q"
        crossorigin="anonymous"></script>
<script src="https://maxcdn.bootstrapcdn.com/bootstrap/4.0.0/js/bootstrap.min.js"
        integrity="sha384-JZR6Spejh4U02d8jOt6vLEHfe/JQGiRRSQQxSfFWpi1MquVdAyjUar5+76PVCmYl"
        crossorigin="anonymous"></script>
<!-- end of Bootstrap stuff -->
</body>
</html>
    Forwarded URL = null
   Redirected URL = null
          Cookies = []
]]></system-out>
  </testcase>
  <testcase name="checkPersonInfoWhenAgeTooYoungThenFailure" classname="com.FrontEnd.ApplicationMockMvcTests" time="0.006"/>
  <testcase name="checkPersonInfoWhenAgeMissingThenFailure" classname="com.FrontEnd.ApplicationMockMvcTests" time="0.007"/>
  <testcase name="checkPersonInfoWhenNameMissingNameThenFailure" classname="com.FrontEnd.ApplicationMockMvcTests" time="0.007"/>
</testsuite>